 [info]  12-04-22 00:04:95  : Listining on port:3000
 [debug]  12-04-22 00:04:01  : Connected to mongoDB
 [info]  12-04-22 01:04:30  : Listining on port:3000
 [debug]  12-04-22 01:04:36  : Connected to mongoDB
 [info]  12-04-22 01:04:39  : Listining on port:3000
 [debug]  12-04-22 01:04:46  : Connected to mongoDB
 [error]  12-04-22 02:04:67  : ErrorHander:  Invalid login: 535-5.7.8 Username and Password not accepted. Learn more at
535 5.7.8  https://support.google.com/mail/?p=BadCredentials e8-20020a056000178800b00203da3bb4d2sm31533001wrg.41 - gsmtp
 [error]  12-04-22 02:04:59  : ErrorHander:  Invalid login: 535-5.7.8 Username and Password not accepted. Learn more at
535 5.7.8  https://support.google.com/mail/?p=BadCredentials o29-20020a05600c511d00b0038e3532b23csm851872wms.15 - gsmtp
 [error]  12-04-22 02:04:74  : ErrorHander:  Invalid login: 535-5.7.8 Username and Password not accepted. Learn more at
535 5.7.8  https://support.google.com/mail/?p=BadCredentials h10-20020a05600c144a00b0038ccc75a6adsm811610wmi.37 - gsmtp
 [error]  12-04-22 02:04:94  : ErrorHander:  Invalid login: 535-5.7.8 Username and Password not accepted. Learn more at
535 5.7.8  https://support.google.com/mail/?p=BadCredentials w5-20020a7bc105000000b0038eb9932dacsm780506wmi.48 - gsmtp
 [error]  12-04-22 02:04:72  : ErrorHander:  Invalid login: 535-5.7.8 Username and Password not accepted. Learn more at
535 5.7.8  https://support.google.com/mail/?p=BadCredentials bg20-20020a05600c3c9400b0037fa5c422c8sm855228wmb.48 - gsmtp
 [error]  12-04-22 02:04:30  : ErrorHander:  Invalid login: 535-5.7.8 Username and Password not accepted. Learn more at
535 5.7.8  https://support.google.com/mail/?p=BadCredentials l3-20020a1ced03000000b0038ce57d28a1sm795088wmh.26 - gsmtp
 [error]  12-04-22 02:04:31  : ErrorHander:  Invalid login: 535-5.7.8 Username and Password not accepted. Learn more at
535 5.7.8  https://support.google.com/mail/?p=BadCredentials i4-20020a05600c354400b0038e9c5924d6sm836915wmq.29 - gsmtp
 [info]  12-04-22 02:04:36  : Email sent: 250 2.0.0 OK  1649723132 o6-20020a05600002c600b00207a389117csm6148987wry.53 - gsmtp
 [info]  12-04-22 04:04:22  : Listining on port:3000
 [debug]  12-04-22 04:04:29  : Connected to mongoDB
 [info]  12-04-22 04:04:33  : Listining on port:3000
 [debug]  12-04-22 04:04:41  : Connected to mongoDB
 [info]  12-04-22 04:04:82  : Listining on port:3000
 [debug]  12-04-22 04:04:88  : Connected to mongoDB
 [info]  12-04-22 04:04:52  : Listining on port:3000
 [debug]  12-04-22 04:04:57  : Connected to mongoDB
 [info]  12-04-22 04:04:14  : Listining on port:3000
 [debug]  12-04-22 04:04:20  : Connected to mongoDB
 [info]  12-04-22 04:04:46  : Listining on port:3000
 [debug]  12-04-22 04:04:51  : Connected to mongoDB
 [info]  12-04-22 04:04:27  : Listining on port:3000
 [debug]  12-04-22 04:04:33  : Connected to mongoDB
 [info]  12-04-22 04:04:34  : [object Object]
 [info]  12-04-22 04:04:94  : Listining on port:3000
 [debug]  12-04-22 04:04:01  : Connected to mongoDB
 [info]  12-04-22 04:04:01  : undefined
 [info]  12-04-22 04:04:52  : Listining on port:3000
 [debug]  12-04-22 04:04:58  : Connected to mongoDB
 [info]  12-04-22 04:04:58  : undefined
 [info]  12-04-22 04:04:05  : Listining on port:3000
 [debug]  12-04-22 04:04:11  : Connected to mongoDB
 [info]  12-04-22 04:04:11  : Port : undefined
 [info]  12-04-22 04:04:85  : Listining on port:3000
 [debug]  12-04-22 04:04:92  : Connected to mongoDB
 [info]  12-04-22 04:04:92  : Port : undefined
 [info]  12-04-22 04:04:18  : Listining on port:3000
 [debug]  12-04-22 04:04:24  : Connected to mongoDB
 [info]  12-04-22 04:04:24  : Port : undefined
 [info]  12-04-22 04:04:19  : Listining on port:4900
 [debug]  12-04-22 04:04:23  : Connected to mongoDB
 [info]  12-04-22 04:04:23  : Port : 4900
 [info]  12-04-22 04:04:09  : Listining on port:4900
 [debug]  12-04-22 04:04:13  : Connected to mongoDB
 [info]  12-04-22 04:04:13  : Port : 4900
 [info]  12-04-22 05:04:13  : Listining on port:3000
 [debug]  12-04-22 05:04:18  : Connected to mongoDB
 [info]  12-04-22 05:04:18  : Port : 3000
 [info]  12-04-22 05:04:29  : Listining on port:3000
 [debug]  12-04-22 05:04:33  : Connected to mongoDB
 [error]  12-04-22 05:04:48  : ErrorHander:  res.status is not a function
 [info]  12-04-22 05:04:57  : Listining on port:3000
 [debug]  12-04-22 05:04:62  : Connected to mongoDB
 [error]  12-04-22 05:04:22  : ErrorHander:  Cannot read properties of null (reading 'send')
 [info]  12-04-22 05:04:98  : Listining on port:3000
 [debug]  12-04-22 05:04:03  : Connected to mongoDB
 [info]  12-04-22 05:04:09  : Listining on port:3000
 [debug]  12-04-22 05:04:14  : Connected to mongoDB
 [info]  12-04-22 05:04:64  : Listining on port:3000
 [debug]  12-04-22 05:04:69  : Connected to mongoDB
 [info]  12-04-22 05:04:48  : Listining on port:3000
 [debug]  12-04-22 05:04:53  : Connected to mongoDB
 [error]  12-04-22 05:04:39  : ErrorHander: 
 [info]  12-04-22 05:04:78  : Listining on port:3000
 [debug]  12-04-22 05:04:83  : Connected to mongoDB
 [error]  12-04-22 05:04:12  : ErrorHander: 
 [info]  12-04-22 05:04:64  : Listining on port:3000
 [debug]  12-04-22 05:04:69  : Connected to mongoDB
 [error]  12-04-22 05:04:85  : ErrorHander:  User not found
 [info]  12-04-22 05:04:12  : Listining on port:3000
 [debug]  12-04-22 05:04:17  : Connected to mongoDB
 [error]  12-04-22 05:04:03  : ErrorHander:  User not found
 [info]  12-04-22 05:04:49  : Listining on port:3000
 [debug]  12-04-22 05:04:54  : Connected to mongoDB
 [info]  12-04-22 05:04:03  : Listining on port:3000
 [debug]  12-04-22 05:04:08  : Connected to mongoDB
 [info]  12-04-22 05:04:46  : Listining on port:3000
 [debug]  12-04-22 05:04:50  : Connected to mongoDB
 [info]  12-04-22 05:04:35  : Listining on port:3000
 [debug]  12-04-22 05:04:39  : Connected to mongoDB
 [error]  12-04-22 05:04:16  : ErrorHander:  Invalid login: 535-5.7.8 Username and Password not accepted. Learn more at
535 5.7.8  https://support.google.com/mail/?p=BadCredentials z6-20020a056000110600b00207aa9eec98sm2710714wrw.30 - gsmtp
 [info]  12-04-22 05:04:61  : Listining on port:3000
 [debug]  12-04-22 05:04:66  : Connected to mongoDB
 [info]  12-04-22 05:04:78  : Listining on port:3000
 [debug]  12-04-22 05:04:82  : Connected to mongoDB
 [error]  12-04-22 05:04:44  : ErrorHander:  Could not send a verfication mail!
 [info]  12-04-22 05:04:98  : Listining on port:3000
 [debug]  12-04-22 05:04:03  : Connected to mongoDB
 [info]  12-04-22 06:04:88  : Listining on port:3000
 [debug]  12-04-22 06:04:92  : Connected to mongoDB
 [error]  12-04-22 06:04:47  : ErrorHander:  Could not send a verfication mail!
 [info]  12-04-22 06:04:52  : Listining on port:3000
 [debug]  12-04-22 06:04:56  : Connected to mongoDB
 [info]  12-04-22 06:04:37  : Listining on port:3000
 [debug]  12-04-22 06:04:43  : Connected to mongoDB
 [info]  12-04-22 06:04:37  : Email sent: 250 2.0.0 OK  1649736574 h9-20020a05600c350900b0038cbcbcf994sm1292762wmq.36 - gsmtp
 [info]  12-04-22 06:04:01  : Listining on port:3000
 [debug]  12-04-22 06:04:05  : Connected to mongoDB
 [info]  12-04-22 06:04:22  : Listining on port:3000
 [debug]  12-04-22 06:04:26  : Connected to mongoDB
 [info]  12-04-22 06:04:56  : Listining on port:3000
 [debug]  12-04-22 06:04:60  : Connected to mongoDB
 [info]  12-04-22 06:04:94  : Listining on port:3000
 [debug]  12-04-22 06:04:99  : Connected to mongoDB
 [info]  12-04-22 06:04:45  : Email sent: 250 2.0.0 OK  1649737133 e8-20020a056000178800b00203da3bb4d2sm31846319wrg.41 - gsmtp
 [info]  12-04-22 06:04:92  : Listining on port:3000
 [debug]  12-04-22 06:04:96  : Connected to mongoDB
 [info]  12-04-22 06:04:53  : Email sent: 250 2.0.0 OK  1649739124 az19-20020a05600c601300b0038cadf3aa69sm1460989wmb.36 - gsmtp
 [info]  12-04-22 06:04:91  : Listining on port:3000
 [debug]  12-04-22 06:04:95  : Connected to mongoDB
 [info]  12-04-22 06:04:60  : Listining on port:3000
 [debug]  12-04-22 06:04:65  : Connected to mongoDB
 [info]  12-04-22 06:04:14  : Listining on port:3000
 [debug]  12-04-22 06:04:19  : Connected to mongoDB
 [info]  12-04-22 06:04:01  : Email sent: 250 2.0.0 OK  1649739531 v15-20020a056000144f00b002057eac999fsm29168966wrx.76 - gsmtp
 [info]  12-04-22 07:04:24  : Listining on port:3000
 [debug]  12-04-22 07:04:28  : Connected to mongoDB
 [info]  20-04-22 01:04:77  : Listining on port:3000
 [debug]  20-04-22 01:04:81  : Connected to mongoDB
 [info]  20-04-22 01:04:23  : Listining on port:3000
 [debug]  20-04-22 01:04:27  : Connected to mongoDB
 [info]  20-04-22 01:04:92  : Listining on port:3000
 [debug]  20-04-22 01:04:97  : Connected to mongoDB
 [info]  20-04-22 01:04:83  : Listining on port:3000
 [debug]  20-04-22 01:04:87  : Connected to mongoDB
 [info]  20-04-22 01:04:07  : Listining on port:3000
 [debug]  20-04-22 01:04:11  : Connected to mongoDB
 [info]  20-04-22 01:04:27  : Listining on port:3000
 [debug]  20-04-22 01:04:31  : Connected to mongoDB
 [info]  20-04-22 01:04:22  : Listining on port:3000
 [debug]  20-04-22 01:04:26  : Connected to mongoDB
 [info]  20-04-22 01:04:93  : Listining on port:3000
 [debug]  20-04-22 01:04:97  : Connected to mongoDB
 [info]  20-04-22 01:04:09  : Listining on port:3000
 [debug]  20-04-22 01:04:13  : Connected to mongoDB
 [info]  20-04-22 01:04:53  : Listining on port:3000
 [debug]  20-04-22 01:04:57  : Connected to mongoDB
 [info]  20-04-22 01:04:35  : Listining on port:3000
 [debug]  20-04-22 01:04:39  : Connected to mongoDB
 [error]  20-04-22 01:04:11  : ErrorHander:  re is not defined
 [info]  20-04-22 01:04:45  : Listining on port:3000
 [debug]  20-04-22 01:04:52  : Connected to mongoDB
 [info]  20-04-22 01:04:22  : Listining on port:3000
 [debug]  20-04-22 01:04:26  : Connected to mongoDB
 [info]  20-04-22 01:04:35  : Listining on port:3000
 [debug]  20-04-22 01:04:39  : Connected to mongoDB
 [info]  20-04-22 01:04:66  : Listining on port:3000
 [debug]  20-04-22 01:04:70  : Connected to mongoDB
 [info]  20-04-22 01:04:04  : Listining on port:3000
 [debug]  20-04-22 01:04:09  : Connected to mongoDB
 [info]  20-04-22 01:04:73  : Listining on port:3000
 [debug]  20-04-22 01:04:78  : Connected to mongoDB
 [info]  20-04-22 01:04:11  : Listining on port:3000
 [debug]  20-04-22 01:04:15  : Connected to mongoDB
 [info]  20-04-22 01:04:13  : Listining on port:3000
 [debug]  20-04-22 01:04:18  : Connected to mongoDB
 [error]  20-04-22 01:04:71  : ErrorHander:  getaddrinfo ENOTFOUND smtp.gmail.com
 [info]  20-04-22 02:04:08  : Listining on port:3000
 [debug]  20-04-22 02:04:12  : Connected to mongoDB
 [info]  20-04-22 02:04:05  : Listining on port:3000
 [debug]  20-04-22 02:04:10  : Connected to mongoDB
 [info]  20-04-22 02:04:81  : Listining on port:3000
 [debug]  20-04-22 02:04:86  : Connected to mongoDB
 [info]  20-04-22 02:04:04  : Listining on port:3000
 [debug]  20-04-22 02:04:08  : Connected to mongoDB
 [info]  20-04-22 02:04:89  : Listining on port:3000
 [debug]  20-04-22 02:04:93  : Connected to mongoDB
 [info]  20-04-22 02:04:98  : Listining on port:3000
 [debug]  20-04-22 02:04:03  : Connected to mongoDB
 [info]  20-04-22 02:04:71  : Listining on port:3000
 [debug]  20-04-22 02:04:75  : Connected to mongoDB
 [info]  20-04-22 02:04:22  : Listining on port:3000
 [debug]  20-04-22 02:04:26  : Connected to mongoDB
 [info]  20-04-22 02:04:81  : Listining on port:3000
 [debug]  20-04-22 02:04:86  : Connected to mongoDB
 [info]  20-04-22 02:04:98  : Listining on port:3000
 [debug]  20-04-22 02:04:03  : Connected to mongoDB
 [info]  20-04-22 02:04:50  : Listining on port:3000
 [debug]  20-04-22 02:04:55  : Connected to mongoDB
 [info]  20-04-22 02:04:39  : Listining on port:3000
 [debug]  20-04-22 02:04:43  : Connected to mongoDB
 [info]  20-04-22 02:04:30  : Listining on port:3000
 [debug]  20-04-22 02:04:34  : Connected to mongoDB
 [info]  20-04-22 04:04:73  : Listining on port:3000
 [debug]  20-04-22 04:04:77  : Connected to mongoDB
 [info]  20-04-22 04:04:39  : Listining on port:3000
 [debug]  20-04-22 04:04:44  : Connected to mongoDB
 [info]  20-04-22 05:04:65  : Listining on port:3000
 [debug]  20-04-22 05:04:69  : Connected to mongoDB
 [info]  20-04-22 05:04:11  : Listining on port:3000
 [debug]  20-04-22 05:04:16  : Connected to mongoDB
 [error]  20-04-22 05:04:97  : ErrorHander:  Missing credentials for "PLAIN"
 [error]  20-04-22 05:04:50  : ErrorHander:  connect EHOSTUNREACH 74.125.133.109:465
 [info]  20-04-22 05:04:03  : Listining on port:3000
 [debug]  20-04-22 05:04:08  : Connected to mongoDB
 [info]  20-04-22 05:04:72  : Listining on port:3000
 [debug]  20-04-22 05:04:76  : Connected to mongoDB
 [error]  20-04-22 05:04:17  : ErrorHander:  getaddrinfo ENOTFOUND smtp.gmail.com
 [info]  20-04-22 05:04:23  : Listining on port:3000
 [debug]  20-04-22 05:04:27  : Connected to mongoDB
 [error]  20-04-22 05:04:21  : ErrorHander:  getaddrinfo ENOTFOUND smtp.gmail.com
 [info]  20-04-22 05:04:60  : Listining on port:3000
 [debug]  20-04-22 05:04:66  : Connected to mongoDB
 [error]  20-04-22 05:04:43  : ErrorHander:  getaddrinfo ENOTFOUND smtp.gmail.com
 [info]  20-04-22 05:04:66  : Listining on port:3000
 [debug]  20-04-22 05:04:71  : Connected to mongoDB
 [error]  20-04-22 05:04:36  : ErrorHander:  getaddrinfo ENOTFOUND smtp.gmail.com
 [info]  20-04-22 05:04:19  : Listining on port:3000
 [debug]  20-04-22 05:04:24  : Connected to mongoDB
 [error]  20-04-22 05:04:63  : ErrorHander:  getaddrinfo ENOTFOUND smtp.gmail.com
 [info]  20-04-22 05:04:33  : Listining on port:3000
 [debug]  20-04-22 05:04:38  : Connected to mongoDB
 [info]  20-04-22 05:04:47  : Listining on port:3000
 [debug]  20-04-22 05:04:52  : Connected to mongoDB
 [error]  20-04-22 05:04:87  : ErrorHander:  getaddrinfo ENOTFOUND smtp.gmail.com
 [info]  20-04-22 05:04:27  : Listining on port:3000
 [debug]  20-04-22 05:04:33  : Connected to mongoDB
 [error]  20-04-22 05:04:12  : ErrorHander:  getaddrinfo ENOTFOUND smtp.gmail.com
 [info]  20-04-22 05:04:55  : Listining on port:3000
 [debug]  20-04-22 05:04:59  : Connected to mongoDB
 [error]  20-04-22 05:04:54  : ErrorHander: 
 [info]  20-04-22 05:04:78  : Listining on port:3000
 [debug]  20-04-22 05:04:82  : Connected to mongoDB
 [info]  20-04-22 05:04:25  : Listining on port:3000
 [debug]  20-04-22 05:04:29  : Connected to mongoDB
